000006b6 t .do_clear_bss_loop
000006b8 t .do_clear_bss_start
000006c6 T __bad_interrupt
00802313 B __bss_end
0080221e B __bss_start
00000034 a __CCP__
00000688 T __ctors_end
00000688 T __ctors_start
0080221e D __data_end
0000273a A __data_load_end
0000251c A __data_load_start
0000ffa0 A __DATA_REGION_LENGTH__
00802000 D __data_start
000006ae T __do_clear_bss
00000694 T __do_copy_data
00000688 T __dtors_end
00000688 T __dtors_start
00810320 D __eeprom_end
00010000 A __EEPROM_REGION_LENGTH__
00820000 D __fuse
00000400 A __FUSE_REGION_LENGTH__
00000001 a __gcc_isr.n_pushed.001
00000001 a __gcc_isr.n_pushed.002
00000003 a __gcc_isr.n_pushed.003
00000003 a __gcc_isr.n_pushed.004
00000003 a __gcc_isr.n_pushed.005
00000000 W __heap_end
00000688 W __init
0000240c T __itoa_ncheck
00000400 A __LOCK_REGION_LENGTH__
0000003b a __RAMPZ__
00000400 A __SIGNATURE_REGION_LENGTH__
0000003e a __SP_H__
0000003d a __SP_L__
0000003f a __SREG__
00002fff W __stack
0000251a t __stop_program
000023de T __strlen_P
00100000 A __TEXT_REGION_LENGTH__
00000000 a __tmp_reg__
000001c8 T __trampolines_end
000001c8 T __trampolines_start
00000400 A __USER_SIGNATURE_REGION_LENGTH__
00002424 T __utoa_common
00002422 T __utoa_ncheck
000006c6 W __vector_1
000006c6 W __vector_10
000006c6 W __vector_100
000006c6 W __vector_101
000006c6 W __vector_102
000006c6 W __vector_103
000006c6 W __vector_104
000006c6 W __vector_105
000006c6 W __vector_106
000006c6 W __vector_107
000006c6 W __vector_108
000006c6 W __vector_109
000006c6 W __vector_11
000006c6 W __vector_110
000006c6 W __vector_111
000006c6 W __vector_112
000006c6 W __vector_113
000006c6 W __vector_12
000006c6 W __vector_13
00001ae2 T __vector_14
000006c6 W __vector_15
000006c6 W __vector_16
000006c6 W __vector_17
000006c6 W __vector_18
000006c6 W __vector_19
000006c6 W __vector_2
000006f0 T __vector_20
000006c6 W __vector_21
00001b0c T __vector_22
000006c6 W __vector_23
000006c6 W __vector_24
000006c6 W __vector_25
000006c6 W __vector_26
000006c6 W __vector_27
000006c6 W __vector_28
000006c6 W __vector_29
000006c6 W __vector_3
000006c6 W __vector_30
000006c6 W __vector_31
000006c6 W __vector_32
000006c6 W __vector_33
000006c6 W __vector_34
000006c6 W __vector_35
000006c6 W __vector_36
000006c6 W __vector_37
000006c6 W __vector_38
000006c6 W __vector_39
000006c6 W __vector_4
000006c6 W __vector_40
000006c6 W __vector_41
000006c6 W __vector_42
000006c6 W __vector_43
000006c6 W __vector_44
000006c6 W __vector_45
000006c6 W __vector_46
000006c6 W __vector_47
000006c6 W __vector_48
000006c6 W __vector_49
000006c6 W __vector_5
000006c6 W __vector_50
000006c6 W __vector_51
000006c6 W __vector_52
000006c6 W __vector_53
000006c6 W __vector_54
000006c6 W __vector_55
000006c6 W __vector_56
000006c6 W __vector_57
00001c2e T __vector_58
00001bca T __vector_59
000006c6 W __vector_6
000006c6 W __vector_60
000006c6 W __vector_61
000006c6 W __vector_62
000006c6 W __vector_63
000006c6 W __vector_64
000006c6 W __vector_65
000006c6 W __vector_66
000006c6 W __vector_67
000006c6 W __vector_68
000006c6 W __vector_69
000006c6 W __vector_7
000006c6 W __vector_70
000006ca T __vector_71
000006c6 W __vector_72
000006c6 W __vector_73
000006c6 W __vector_74
000006c6 W __vector_75
000006c6 W __vector_76
00001aee T __vector_77
000006c6 W __vector_78
000006c6 W __vector_79
000006c6 W __vector_8
000006c6 W __vector_80
000006c6 W __vector_81
000006c6 W __vector_82
000006c6 W __vector_83
000006c6 W __vector_84
000006c6 W __vector_85
000006c6 W __vector_86
000006c6 W __vector_87
000006c6 W __vector_88
000006c6 W __vector_89
000006c6 W __vector_9
000006c6 W __vector_90
000006c6 W __vector_91
000006c6 W __vector_92
000006c6 W __vector_93
000006c6 W __vector_94
000006c6 W __vector_95
000006c6 W __vector_96
000006c6 W __vector_97
000006c6 W __vector_98
000006c6 W __vector_99
00001ad6 T __vector_default
00000000 T __vectors
00000001 a __zero_reg__
0080221e D _edata
00802313 B _end
0000251c T _etext
00002518 T _exit
00000000 a adcLiveSample
00000002 a adcSlowSample
008022bd b ansiBuf.3737
008022c5 b ansiBufLen.3738
00802307 b ansiChars.3736
00001704 t cmdCpuFunc
00000426 t cmdCpuHelp
00000448 t cmdCpuSpec
00001102 t cmdDumpMem
000012f6 t cmdDumpPgmFunc
0000044c t cmdDumpPgmHelp
00000518 t cmdDumpPgmSpec
000012fc t cmdDumpRamFunc
00000461 t cmdDumpRamHelp
00000528 t cmdDumpRamSpec
00001968 t cmdFileFunc
00000329 t cmdFileHelp
00000347 t cmdFileSpec
00001990 t cmdFiltEnFunc
00000375 t cmdFiltEnHelp
00000395 t cmdFiltEnSpec
00001998 t cmdFiltFunc
0000039e t cmdFiltHelp
0000025c t cmdFiltHelp2
000003ac t cmdFiltSpec
000017e4 t cmdGetSetFunc
00001a6e t cmdHelpFunc
0000048e t cmdHelpHelp
000004ac t cmdHelpSpec
008022c6 b cmdInputBuf.3739
00001754 t cmdLoadFunc
000002d6 t cmdLoadHelp
000002f9 t cmdLoadSpec
000019a0 t cmdMixFunc
000003c6 t cmdMixHelp
0000022b t cmdMixHelp2
000003df t cmdMixSpec
00001774 t cmdNameFunc
000002fe t cmdNameHelp
00000320 t cmdNameSpec
000019b8 t cmdReadRamFunc
00000473 t cmdReadRamHelp
00000508 t cmdReadRamSpec
00001734 t cmdSaveFunc
000002b0 t cmdSaveHelp
000002d1 t cmdSaveSpec
000002a4 t cmdStrFile
00000255 t cmdStrFilt1
00000247 t cmdStrFilt2
00000291 t cmdStrFiltEn
0000053e t cmdStrGetSetAssign
00000538 t cmdStrGetSetComma
0000053b t cmdStrGetSetRead
000004ae t cmdStrHelp1
000005a7 t cmdStrLoad
00000223 t cmdStrMix1
000005a0 t cmdStrName1
00000597 t cmdStrName2
000004ff t cmdStrReadRam1
000004fb t cmdStrReadRam2
000004f2 t cmdStrReadRam3
000004eb t cmdStrReadRam4
000005b5 t cmdStrSave
000001f5 t cmdStrTapDly1
000001c8 t cmdStrTapDly2
0000021d t cmdStrTapGain2
0000029f t cmdStrTaps
000019b0 t cmdTapDlyFunc
00000408 t cmdTapDlyHelp
000001cf t cmdTapDlyHelp2
00000416 t cmdTapDlySpec
000019a8 t cmdTapGainFunc
000003eb t cmdTapGainHelp
000001f9 t cmdTapGainHelp2
000003f7 t cmdTapGainSpec
00001988 t cmdTapsFunc
00000350 t cmdTapsHelp
0000036a t cmdTapsSpec
000005d8 t commandList
0080230c b cpuCycle
00802306 b cur.3735
00000004 a dsp_param_dlyList
00000016 a dsp_param_filt
00000001 a dsp_param_filtEn
00000002 a dsp_param_gainClean
00000010 a dsp_param_gainList
00000003 a dsp_param_gainReverb
0000002a a dsp_param_name
00000000 a dsp_param_taps
0000082e T dspBiquadFilter
00802222 b dspBQ_hist
00000762 T dspHighpass
0080221e b dspHPaccum
000008de T dspMix
008021ec D dspParams
0000079c T dspReverbTaps
00002476 T eeprom_read_block
0000248e T eeprom_write_block
000024a2 T eeprom_write_byte
000024a4 T eeprom_write_r18
00002518 W exit
00802276 b headAddr.3240
00000f82 t hexToNum
00000f12 t lcdLocate
00001372 t lcdPrintNumDec
0080227a b lcdTimerFlag
00000eba t lcdWrite
00802305 b len.3734
00001c9a T main
000024e8 T memcpy
00000b92 t menuActMain
00000a06 t menuActPresets
00001316 t menuCopyFilt12
00001302 t menuCopyFilt21
000013bc t menuDraw
008021e9 d menuEnd
00802311 b menuIndex
000009ba t menuInit
0000092e t menuInitPresets
00000986 t menuItemXRange
0000132a t menuLoadPreset
00802019 d MenuMain
008021e7 d menuMenu
0080230f b menuPosX
00802312 b menuPosY
008021bb d MenuPreset
0000134e t menuSavePreset
00000978 t menuSetupPresets
00802004 d menuStrFilterTitle
00802016 d menuStrMixTitle
00802000 d menuStrPresetMenuTitle
0080200d d menuStrReverbTitle
00802310 b menuTotal
000001e9 t paramBlock.4020
00000211 t paramBlock.4026
00000243 t paramBlock.4032
0000028d t paramBlock.4038
00802308 b pbs.4039
008021eb d PresetIndex
00810000 d Presets
0000102a t serPutByte
000016ac t serPutNumHex
000010bc t serPutNumHexFixed_w
0000107c t serPutString
00001714 t serPutStringPgm
00000fd2 t serPutStringPgmL
0080227b b serRxBuffer
008022bb b serRxBufferEnd
008022bc b serRxBufferStart
00802236 b serTxBuffer
00802278 b serTxBufferEnd
00802279 b serTxBufferStart
000010f4 t serWaitTransmit
00000543 t spec.4021
0000054f t spec.4027
0000055b t spec.4033
00000567 t spec.4039
00000573 t spec.4044
0000057f t spec.4049
0000058b t spec.4054
00000680 t Str_Ansi_Cl
00000684 t Str_Ansi_ML
00000678 t Str_Ansi_Re
0000067c t Str_Ansi_Sv
000005c2 t Str_Caret
000005c5 t Str_Cmd_Unk
000004b9 t Str_Welc
000023f0 T strncmp_P
000024fa T strncpy
00000f24 t strNextToken
00002456 T strrev
0080230e b timerFlag
00000742 T writeDac
00000710 T writeRamWord
